[debug] [2023-08-13T03:27:47.991Z] ----------------------------------------------------------------------
[debug] [2023-08-13T03:27:47.992Z] Command:       /home/zeduck/.nvm/versions/node/v20.4.0/bin/node /home/zeduck/.nvm/versions/node/v20.4.0/bin/firebase deploy
[debug] [2023-08-13T03:27:47.992Z] CLI Version:   12.4.7
[debug] [2023-08-13T03:27:47.992Z] Platform:      linux
[debug] [2023-08-13T03:27:47.992Z] Node Version:  v20.4.0
[debug] [2023-08-13T03:27:47.992Z] Time:          Sat Aug 12 2023 23:27:47 GMT-0400 (Eastern Daylight Time)
[debug] [2023-08-13T03:27:47.993Z] ----------------------------------------------------------------------
[debug] 
[debug] [2023-08-13T03:27:48.024Z] > command requires scopes: ["email","openid","https://www.googleapis.com/auth/cloudplatformprojects.readonly","https://www.googleapis.com/auth/firebase","https://www.googleapis.com/auth/cloud-platform"]
[debug] [2023-08-13T03:27:48.024Z] > authorizing via signed-in user (roysmiley.ca@gmail.com)
[debug] [2023-08-13T03:27:48.024Z] [iam] checking project menendez-law for permissions ["firebase.projects.get","firebasehosting.sites.update"]
[debug] [2023-08-13T03:27:48.025Z] >>> [apiv2][query] POST https://cloudresourcemanager.googleapis.com/v1/projects/menendez-law:testIamPermissions [none]
[debug] [2023-08-13T03:27:48.025Z] >>> [apiv2][(partial)header] POST https://cloudresourcemanager.googleapis.com/v1/projects/menendez-law:testIamPermissions x-goog-quota-user=projects/menendez-law
[debug] [2023-08-13T03:27:48.026Z] >>> [apiv2][body] POST https://cloudresourcemanager.googleapis.com/v1/projects/menendez-law:testIamPermissions {"permissions":["firebase.projects.get","firebasehosting.sites.update"]}
[debug] [2023-08-13T03:27:48.261Z] <<< [apiv2][status] POST https://cloudresourcemanager.googleapis.com/v1/projects/menendez-law:testIamPermissions 200
[debug] [2023-08-13T03:27:48.261Z] <<< [apiv2][body] POST https://cloudresourcemanager.googleapis.com/v1/projects/menendez-law:testIamPermissions {"permissions":["firebase.projects.get","firebasehosting.sites.update"]}
[debug] [2023-08-13T03:27:48.261Z] >>> [apiv2][query] GET https://firebase.googleapis.com/v1beta1/projects/menendez-law [none]
[debug] [2023-08-13T03:27:48.520Z] <<< [apiv2][status] GET https://firebase.googleapis.com/v1beta1/projects/menendez-law 200
[debug] [2023-08-13T03:27:48.520Z] <<< [apiv2][body] GET https://firebase.googleapis.com/v1beta1/projects/menendez-law {"projectId":"menendez-law","projectNumber":"575895006911","displayName":"menendez-law","name":"projects/menendez-law","resources":{"hostingSite":"menendez-law"},"state":"ACTIVE","etag":"1_3d559b61-103c-44b9-b4f4-d864661bebf4"}
[debug] [2023-08-13T03:27:49.833Z] >>> [apiv2][query] GET https://firebasehosting.googleapis.com/v1beta1/projects/menendez-law/sites pageToken=&pageSize=10
[debug] [2023-08-13T03:27:50.140Z] <<< [apiv2][status] GET https://firebasehosting.googleapis.com/v1beta1/projects/menendez-law/sites 200
[debug] [2023-08-13T03:27:50.140Z] <<< [apiv2][body] GET https://firebasehosting.googleapis.com/v1beta1/projects/menendez-law/sites {"sites":[{"name":"projects/menendez-law/sites/menendez-law","defaultUrl":"https://menendez-law.web.app","appId":"1:575895006911:web:b702f383c79610d3fda00a","type":"DEFAULT_SITE"}]}
[debug] [2023-08-13T03:27:50.140Z] >>> [apiv2][query] GET https://firebase.googleapis.com/v1beta1/projects/-/webApps/1:575895006911:web:b702f383c79610d3fda00a/config [none]
[debug] [2023-08-13T03:27:50.611Z] <<< [apiv2][status] GET https://firebase.googleapis.com/v1beta1/projects/-/webApps/1:575895006911:web:b702f383c79610d3fda00a/config 200
[debug] [2023-08-13T03:27:50.611Z] <<< [apiv2][body] GET https://firebase.googleapis.com/v1beta1/projects/-/webApps/1:575895006911:web:b702f383c79610d3fda00a/config {"projectId":"menendez-law","appId":"1:575895006911:web:b702f383c79610d3fda00a","storageBucket":"menendez-law.appspot.com","apiKey":"AIzaSyCgeDd81jC4dAFfnR55P2R6OmEigJ7VRzQ","authDomain":"menendez-law.firebaseapp.com","messagingSenderId":"575895006911","measurementId":"G-3LRV1SS890"}
[info] 
   Thank you for trying our early preview of Next.js support on Firebase Hosting.
   During the preview, support is best-effort and breaking changes can be expected. Proceed with caution.

   Documentation: https://firebase.google.com/docs/hosting/frameworks/nextjs
   File a bug: https://github.com/firebase/firebase-tools/issues/new?template=bug_report.md
   Submit a feature request: https://github.com/firebase/firebase-tools/issues/new?template=feature_request.md

   We'd love to learn from you. Express your interest in helping us shape the future of Firebase Hosting: https://goo.gle/41enW5X

[info] - info Loaded env from /home/zeduck/projects/webdev/menendezlaw/.env

[info] - info Creating an optimized production build...

[info] - info Compiled successfully

[info] - info Linting and checking validity of types...

[info] - info Collecting page data...

[info] - info Generating static pages (0/4)

[info] - info Generating static pages (1/4)

[info] - info Generating static pages (2/4)

[info] - info Generating static pages (3/4)

[info] [2023-08-13T03:27:58.845Z]  @firebase/analytics: Analytics: Firebase Analytics is not supported in this environment. Wrap initialization of analytics in analytics.isSupported() to prevent initialization in unsupported environments. Details: (1) Cookies are not available. (analytics/invalid-analytics-context).

[info] [2023-08-13T03:27:58.850Z]  @firebase/analytics: Analytics: Firebase Analytics is not supported in this environment. Wrap initialization of analytics in analytics.isSupported() to prevent initialization in unsupported environments. Details: (1) Cookies are not available. (analytics/invalid-analytics-context).

[info] ReferenceError: window is not defined
    at getOrCreateDataLayer (/home/zeduck/projects/webdev/menendezlaw/.next/server/chunks/950.js:15210:23)
    at factory (/home/zeduck/projects/webdev/menendezlaw/.next/server/chunks/950.js:15989:9)
    at Component.instanceFactory (/home/zeduck/projects/webdev/menendezlaw/.next/server/chunks/950.js:16176:16)
    at Provider.getOrInitializeService (/home/zeduck/projects/webdev/menendezlaw/.next/server/chunks/950.js:11452:39)
    at Provider.initialize (/home/zeduck/projects/webdev/menendezlaw/.next/server/chunks/950.js:11399:31)
    at initializeAnalytics (/home/zeduck/projects/webdev/menendezlaw/.next/server/chunks/950.js:16033:49)
    at getAnalytics (/home/zeduck/projects/webdev/menendezlaw/.next/server/chunks/950.js:16014:12)
    at RootLayout (/home/zeduck/projects/webdev/menendezlaw/.next/server/app/page.js:322:97)
    at S (/home/zeduck/projects/webdev/menendezlaw/.next/server/chunks/950.js:6058:13)
    at eb (/home/zeduck/projects/webdev/menendezlaw/.next/server/chunks/950.js:6173:21)

[info] 
Error occurred prerendering page "/". Read more: https://nextjs.org/docs/messages/prerender-error
ReferenceError: window is not defined
    at getOrCreateDataLayer (/home/zeduck/projects/webdev/menendezlaw/.next/server/chunks/950.js:15210:23)
    at factory (/home/zeduck/projects/webdev/menendezlaw/.next/server/chunks/950.js:15989:9)
    at Component.instanceFactory (/home/zeduck/projects/webdev/menendezlaw/.next/server/chunks/950.js:16176:16)
    at Provider.getOrInitializeService (/home/zeduck/projects/webdev/menendezlaw/.next/server/chunks/950.js:11452:39)
    at Provider.initialize (/home/zeduck/projects/webdev/menendezlaw/.next/server/chunks/950.js:11399:31)
    at initializeAnalytics (/home/zeduck/projects/webdev/menendezlaw/.next/server/chunks/950.js:16033:49)
    at getAnalytics (/home/zeduck/projects/webdev/menendezlaw/.next/server/chunks/950.js:16014:12)
    at RootLayout (/home/zeduck/projects/webdev/menendezlaw/.next/server/app/page.js:322:97)
    at S (/home/zeduck/projects/webdev/menendezlaw/.next/server/chunks/950.js:6058:13)
    at eb (/home/zeduck/projects/webdev/menendezlaw/.next/server/chunks/950.js:6173:21)

[info] - info Generating static pages (4/4)

[info] 
> Export encountered errors on following paths:
	/page: /

[debug] [2023-08-13T03:27:59.717Z] Error: ENOENT: no such file or directory, open '/home/zeduck/projects/webdev/menendezlaw/.next/export-marker.json'
[error] 
[error] Error: An unexpected error has occurred.
